<?xml version="1.0" encoding="UTF-8"?>
<!-- Generated by org.testng.reporters.JUnitXMLReporter -->
<testsuite ignored="0" hostname="TYSS-Manoj" failures="0" tests="2" name="Default test" time="3.935" errors="0" timestamp="2024-04-21T20:08:44 IST">
  <testcase classname="SerializationDeserialization.VideoGameAPITestwithSerializationJSON" name="testVideoGameSerializationJSON" time="3.185"/>
  <testcase classname="SerializationDeserialization.VideoGameAPITestwithSerializationJSON" name="testVideoGameDeSerializationJSON" time="0.678"/>
</testsuite> <!-- Default test -->
