<?xml version="1.0" encoding="UTF-8"?>
<testng-results ignored="0" total="2" passed="2" failed="0" skipped="0">
  <reporter-output>
  </reporter-output>
  <suite started-at="2024-04-21T20:08:40 IST" name="Default suite" finished-at="2024-04-21T20:08:44 IST" duration-ms="3935">
    <groups>
    </groups>
    <test started-at="2024-04-21T20:08:40 IST" name="Default test" finished-at="2024-04-21T20:08:44 IST" duration-ms="3935">
      <class name="SerializationDeserialization.VideoGameAPITestwithSerializationJSON">
        <test-method signature="testVideoGameSerializationJSON()[pri:1, instance:SerializationDeserialization.VideoGameAPITestwithSerializationJSON@1e1a0406]" started-at="2024-04-21T20:08:40 IST" name="testVideoGameSerializationJSON" finished-at="2024-04-21T20:08:43 IST" duration-ms="3185" status="PASS">
          <reporter-output>
          </reporter-output>
        </test-method> <!-- testVideoGameSerializationJSON -->
        <test-method signature="testVideoGameDeSerializationJSON()[pri:2, instance:SerializationDeserialization.VideoGameAPITestwithSerializationJSON@1e1a0406]" started-at="2024-04-21T20:08:43 IST" name="testVideoGameDeSerializationJSON" finished-at="2024-04-21T20:08:44 IST" duration-ms="678" status="PASS">
          <reporter-output>
          </reporter-output>
        </test-method> <!-- testVideoGameDeSerializationJSON -->
      </class> <!-- SerializationDeserialization.VideoGameAPITestwithSerializationJSON -->
    </test> <!-- Default test -->
  </suite> <!-- Default suite -->
</testng-results>
